<?xml version="1.0" encoding="UTF-8"?>
<testng-results ignored="0" total="1" passed="1" failed="0" skipped="0">
  <reporter-output>
  </reporter-output>
  <suite started-at="2022-09-02T11:39:19 IST" name="Default suite" finished-at="2022-09-02T11:39:19 IST" duration-ms="70">
    <groups>
    </groups>
    <test started-at="2022-09-02T11:39:19 IST" name="Default test" finished-at="2022-09-02T11:39:19 IST" duration-ms="70">
      <class name="com.hexaware.Maverics_automation.Testng">
        <test-method is-config="true" signature="TestBeforeSuite()[pri:0, instance:com.hexaware.Maverics_automation.Testng@131774fe]" started-at="2022-09-02T11:39:19 IST" name="TestBeforeSuite" finished-at="2022-09-02T11:39:19 IST" duration-ms="15" status="PASS">
          <reporter-output>
          </reporter-output>
        </test-method> <!-- TestBeforeSuite -->
        <test-method is-config="true" signature="beforesuite2()[pri:0, instance:com.hexaware.Maverics_automation.Testng@131774fe]" started-at="2022-09-02T11:39:19 IST" name="beforesuite2" finished-at="2022-09-02T11:39:19 IST" duration-ms="1" status="PASS">
          <reporter-output>
          </reporter-output>
        </test-method> <!-- beforesuite2 -->
        <test-method is-config="true" signature="BeforeTest()[pri:0, instance:com.hexaware.Maverics_automation.Testng@131774fe]" started-at="2022-09-02T11:39:19 IST" name="BeforeTest" finished-at="2022-09-02T11:39:19 IST" duration-ms="2" status="PASS">
          <reporter-output>
          </reporter-output>
        </test-method> <!-- BeforeTest -->
        <test-method signature="Testcase()[pri:0, instance:com.hexaware.Maverics_automation.Testng@131774fe]" started-at="2022-09-02T11:39:19 IST" name="Testcase" finished-at="2022-09-02T11:39:19 IST" duration-ms="14" status="PASS">
          <reporter-output>
          </reporter-output>
        </test-method> <!-- Testcase -->
        <test-method is-config="true" signature="TestAfter()[pri:0, instance:com.hexaware.Maverics_automation.Testng@131774fe]" started-at="2022-09-02T11:39:19 IST" name="TestAfter" finished-at="2022-09-02T11:39:19 IST" duration-ms="1" status="PASS">
          <reporter-output>
          </reporter-output>
        </test-method> <!-- TestAfter -->
      </class> <!-- com.hexaware.Maverics_automation.Testng -->
    </test> <!-- Default test -->
  </suite> <!-- Default suite -->
</testng-results>
